AR_Foundation_Test/Temp/gradleOut/build/outputs/logs/manifest-merger-release-report.txt
-- Merging decision tree log ---
manifest
ADDED from src/main/AndroidManifest.xml:2:1-26:12
INJECTED from src/main/AndroidManifest.xml:2:1-26:12
INJECTED from src/main/AndroidManifest.xml:2:1-26:12
INJECTED from src/main/AndroidManifest.xml:2:1-26:12
MERGED from [:arcore_client:] AndroidManifest.xml:17:1-46:12
MERGED from [:unityandroidpermissions:] AndroidManifest.xml:6:1-15:12
INJECTED from src/main/AndroidManifest.xml:2:1-26:12
INJECTED from src/main/AndroidManifest.xml:2:1-26:12
INJECTED from src/main/AndroidManifest.xml:2:1-26:12
	package
		ADDED from src/main/AndroidManifest.xml:2:70-115
		INJECTED from src/main/AndroidManifest.xml
		INJECTED from src/main/AndroidManifest.xml
	android:versionName
		INJECTED from src/main/AndroidManifest.xml
		ADDED from src/main/AndroidManifest.xml:2:1-26:12
		INJECTED from src/main/AndroidManifest.xml
	xmlns:tools
		ADDED from src/main/AndroidManifest.xml:2:116-162
	android:versionCode
		INJECTED from src/main/AndroidManifest.xml
		ADDED from src/main/AndroidManifest.xml:2:1-26:12
		INJECTED from src/main/AndroidManifest.xml
	xmlns:android
		ADDED from src/main/AndroidManifest.xml:2:11-69
	android:installLocation
		ADDED from src/main/AndroidManifest.xml:2:163-203
supports-screens
ADDED from src/main/AndroidManifest.xml:3:3-163
	android:largeScreens
		ADDED from src/main/AndroidManifest.xml:3:78-105
	android:smallScreens
		ADDED from src/main/AndroidManifest.xml:3:21-48
	android:normalScreens
		ADDED from src/main/AndroidManifest.xml:3:49-77
	android:xlargeScreens
		ADDED from src/main/AndroidManifest.xml:3:106-134
	android:anyDensity
		ADDED from src/main/AndroidManifest.xml:3:135-160
application
ADDED from src/main/AndroidManifest.xml:4:3-19:17
MERGED from [:arcore_client:] AndroidManifest.xml:30:5-44:19
MERGED from [:arcore_client:] AndroidManifest.xml:30:5-44:19
	android:label
		ADDED from src/main/AndroidManifest.xml:4:90-122
	android:icon
		ADDED from src/main/AndroidManifest.xml:4:58-89
	android:theme
		ADDED from src/main/AndroidManifest.xml:4:16-57
activity#com.unity3d.player.UnityPlayerActivity
ADDED from src/main/AndroidManifest.xml:5:5-12:16
	android:screenOrientation
		ADDED from src/main/AndroidManifest.xml:5:102-140
	android:label
		ADDED from src/main/AndroidManifest.xml:5:69-101
	android:launchMode
		ADDED from src/main/AndroidManifest.xml:5:141-172
	android:hardwareAccelerated
		ADDED from src/main/AndroidManifest.xml:5:355-390
	android:configChanges
		ADDED from src/main/AndroidManifest.xml:5:173-354
	android:name
		ADDED from src/main/AndroidManifest.xml:5:15-68
intent-filter#action:name:android.intent.action.MAIN+category:name:android.intent.category.LAUNCHER
ADDED from src/main/AndroidManifest.xml:6:7-9:23
action#android.intent.action.MAIN
ADDED from src/main/AndroidManifest.xml:7:9-61
	android:name
		ADDED from src/main/AndroidManifest.xml:7:17-58
category#android.intent.category.LAUNCHER
ADDED from src/main/AndroidManifest.xml:8:9-69
	android:name
		ADDED from src/main/AndroidManifest.xml:8:19-66
meta-data#unityplayer.UnityActivity
ADDED from src/main/AndroidManifest.xml:10:7-82
	android:value
		ADDED from src/main/AndroidManifest.xml:10:59-79
	android:name
		ADDED from src/main/AndroidManifest.xml:10:18-58
meta-data#android.notch_support
ADDED from src/main/AndroidManifest.xml:11:7-78
	android:value
		ADDED from src/main/AndroidManifest.xml:11:55-75
	android:name
		ADDED from src/main/AndroidManifest.xml:11:18-54
meta-data#unity.build-id
ADDED from src/main/AndroidManifest.xml:13:5-101
	android:value
		ADDED from src/main/AndroidManifest.xml:13:46-98
	android:name
		ADDED from src/main/AndroidManifest.xml:13:16-45
meta-data#unity.splash-mode
ADDED from src/main/AndroidManifest.xml:14:5-69
	android:value
		ADDED from src/main/AndroidManifest.xml:14:49-66
	android:name
		ADDED from src/main/AndroidManifest.xml:14:16-48
meta-data#unity.splash-enable
ADDED from src/main/AndroidManifest.xml:15:5-74
	android:value
		ADDED from src/main/AndroidManifest.xml:15:51-71
	android:name
		ADDED from src/main/AndroidManifest.xml:15:16-50
meta-data#notch.config
ADDED from src/main/AndroidManifest.xml:16:5-81
	android:value
		ADDED from src/main/AndroidManifest.xml:16:44-78
	android:name
		ADDED from src/main/AndroidManifest.xml:16:16-43
meta-data#unityplayer.SkipPermissionsDialog
ADDED from src/main/AndroidManifest.xml:17:5-88
	android:value
		ADDED from src/main/AndroidManifest.xml:17:65-85
	android:name
		ADDED from src/main/AndroidManifest.xml:17:16-64
meta-data#com.google.ar.core
ADDED from src/main/AndroidManifest.xml:18:5-77
	android:value
		ADDED from src/main/AndroidManifest.xml:18:50-74
	android:name
		ADDED from src/main/AndroidManifest.xml:18:16-49
uses-feature#0x00020000
ADDED from src/main/AndroidManifest.xml:20:3-52
	android:glEsVersion
		ADDED from src/main/AndroidManifest.xml:20:17-49
uses-permission#android.permission.INTERNET
ADDED from src/main/AndroidManifest.xml:21:3-65
	android:name
		ADDED from src/main/AndroidManifest.xml:21:20-62
uses-feature#android.hardware.touchscreen
ADDED from src/main/AndroidManifest.xml:22:3-88
	android:required
		ADDED from src/main/AndroidManifest.xml:22:61-85
	android:name
		ADDED from src/main/AndroidManifest.xml:22:17-60
uses-feature#android.hardware.touchscreen.multitouch
ADDED from src/main/AndroidManifest.xml:23:3-99
	android:required
		ADDED from src/main/AndroidManifest.xml:23:72-96
	android:name
		ADDED from src/main/AndroidManifest.xml:23:17-71
uses-feature#android.hardware.touchscreen.multitouch.distinct
ADDED from src/main/AndroidManifest.xml:24:3-108
	android:required
		ADDED from src/main/AndroidManifest.xml:24:81-105
	android:name
		ADDED from src/main/AndroidManifest.xml:24:17-80
uses-permission#android.permission.CAMERA
ADDED from src/main/AndroidManifest.xml:25:3-63
	android:name
		ADDED from src/main/AndroidManifest.xml:25:20-60
uses-sdk
INJECTED from src/main/AndroidManifest.xml reason: use-sdk injection requested
INJECTED from src/main/AndroidManifest.xml
INJECTED from src/main/AndroidManifest.xml
MERGED from [:arcore_client:] AndroidManifest.xml:26:5-28:41
MERGED from [:arcore_client:] AndroidManifest.xml:26:5-28:41
MERGED from [:unityandroidpermissions:] AndroidManifest.xml:11:5-13:41
MERGED from [:unityandroidpermissions:] AndroidManifest.xml:11:5-13:41
INJECTED from src/main/AndroidManifest.xml
INJECTED from src/main/AndroidManifest.xml
	android:targetSdkVersion
		INJECTED from src/main/AndroidManifest.xml
		ADDED from src/main/AndroidManifest.xml
		INJECTED from src/main/AndroidManifest.xml
	android:minSdkVersion
		INJECTED from src/main/AndroidManifest.xml
		ADDED from src/main/AndroidManifest.xml
		INJECTED from src/main/AndroidManifest.xml
meta-data#com.google.ar.core.min_apk_version
ADDED from [:arcore_client:] AndroidManifest.xml:33:9-35:41
	android:value
		ADDED from [:arcore_client:] AndroidManifest.xml:35:13-38
	android:name
		ADDED from [:arcore_client:] AndroidManifest.xml:34:13-62
activity#com.google.ar.core.InstallActivity
ADDED from [:arcore_client:] AndroidManifest.xml:37:9-43:80
	android:excludeFromRecents
		ADDED from [:arcore_client:] AndroidManifest.xml:40:13-46
	android:launchMode
		ADDED from [:arcore_client:] AndroidManifest.xml:42:13-43
	android:exported
		ADDED from [:arcore_client:] AndroidManifest.xml:41:13-37
	android:configChanges
		ADDED from [:arcore_client:] AndroidManifest.xml:39:13-74
	android:theme
		ADDED from [:arcore_client:] AndroidManifest.xml:43:13-77
	android:name
		ADDED from [:arcore_client:] AndroidManifest.xml:38:13-62